MotorControlledWallAvoidance
Press ESCAPE to exit.
vMax = 704.3007
dDistance = -0.076000005 steer = 22.800001
dDistance = -0.042999998 steer = 12.9
dDistance = -0.064 steer = 19.2
dDistance = -0.064 steer = 19.2
dDistance = -0.119 steer = 35.7
dDistance = -0.101 steer = 30.300001
dDistance = -0.055 steer = 16.5
dDistance = -0.004999995 steer = 1.4999986
dDistance = -0.003000006 steer = 0.9000018
dDistance = -0.003000006 steer = 0.9000018
dDistance = 0.176 steer = -52.8
dDistance = 0.176 steer = -52.8
dDistance = 0.176 steer = -52.8
dDistance = 0.176 steer = -52.8
dDistance = 0.176 steer = -52.8
dDistance = 0.176 steer = -52.8
dDistance = 0.176 steer = -52.8
dDistance = 0.176 steer = -52.8
dDistance = 0.176 steer = -52.8
dDistance = 0.176 steer = -52.8
dDistance = 0.176 steer = -52.8
dDistance = 0.176 steer = -52.8
dDistance = 0.176 steer = -52.8
dDistance = 0.176 steer = -52.8
dDistance = 0.176 steer = -52.8
dDistance = 0.176 steer = -52.8
dDistance = 0.176 steer = -52.8
dDistance = 0.176 steer = -52.8
dDistance = 0.176 steer = -52.8
dDistance = 0.176 steer = -52.8
dDistance = 0.176 steer = -52.8
dDistance = 0.176 steer = -52.8
dDistance = 0.176 steer = -52.8
dDistance = 0.176 steer = -52.8
dDistance = 0.176 steer = -52.8
dDistance = 0.176 steer = -52.8
dDistance = 0.176 steer = -52.8
dDistance = 0.176 steer = -52.8
dDistance = 0.176 steer = -52.8
dDistance = 0.176 steer = -52.8
dDistance = 0.19 steer = -57.0
dDistance = 0.19 steer = -57.0
dDistance = 0.176 steer = -52.8
dDistance = 0.19800001 steer = -59.400005
dDistance = 0.0069999993 steer = -2.1
dDistance = -0.047 steer = 14.099999
dDistance = -0.085 steer = 25.5
dDistance = -0.09900001 steer = 29.700003
dDistance = -0.119 steer = 35.7
dDistance = -0.120000005 steer = 36.0
dDistance = -0.11400001 steer = 34.2
dDistance = -0.119 steer = 35.7
dDistance = -0.120000005 steer = 36.0
dDistance = -0.118 steer = 35.4
dDistance = -0.120000005 steer = 36.0
dDistance = -0.120000005 steer = 36.0
dDistance = -0.118 steer = 35.4
dDistance = -0.10000001 steer = 30.000002
dDistance = -0.083000004 steer = 24.900002
dDistance = -0.101 steer = 30.300001
dDistance = -0.11 steer = 33.0
dDistance = -0.112 steer = 33.600002
dDistance = -0.112 steer = 33.600002
dDistance = -0.112 steer = 33.600002
dDistance = -0.112 steer = 33.600002
dDistance = -0.120000005 steer = 36.0
dDistance = -0.120000005 steer = 36.0
dDistance = -0.120000005 steer = 36.0
dDistance = -0.119 steer = 35.7
dDistance = -0.120000005 steer = 36.0
dDistance = -0.119 steer = 35.7
dDistance = -0.112 steer = 33.600002
dDistance = -0.091000006 steer = 27.300001
dDistance = Infinity steer = -300.0
dDistance = Infinity steer = -300.0
dDistance = -0.091000006 steer = 27.300001
dDistance = Infinity steer = -300.0
dDistance = Infinity steer = -300.0
dDistance = -0.119 steer = 35.7
dDistance = -0.119 steer = 35.7
dDistance = Infinity steer = -300.0
dDistance = Infinity steer = -300.0
dDistance = Infinity steer = -300.0
dDistance = Infinity steer = -300.0
dDistance = Infinity steer = -300.0
dDistance = Infinity steer = -300.0
dDistance = Infinity steer = -300.0
dDistance = -0.078 steer = 23.4
dDistance = -0.078 steer = 23.4
dDistance = Infinity steer = -300.0
dDistance = Infinity steer = -300.0
dDistance = Infinity steer = -300.0
dDistance = Infinity steer = -300.0
dDistance = -0.101 steer = 30.300001
dDistance = -0.101 steer = 30.300001
dDistance = Infinity steer = -300.0
dDistance = Infinity steer = -300.0
dDistance = Infinity steer = -300.0
dDistance = Infinity steer = -300.0
dDistance = Infinity steer = -300.0
dDistance = Infinity steer = -300.0
dDistance = Infinity steer = -300.0
dDistance = Infinity steer = -300.0
dDistance = -0.106000006 steer = 31.800001
dDistance = -0.119 steer = 35.7
dDistance = -0.085 steer = 25.5
dDistance = -0.085 steer = 25.5
dDistance = -0.085 steer = 25.5
dDistance = Infinity steer = -300.0
dDistance = -0.049000002 steer = 14.700001
dDistance = -0.11 steer = 33.0
dDistance = -0.119 steer = 35.7
dDistance = -0.11 steer = 33.0
dDistance = -0.112 steer = 33.600002
dDistance = -0.112 steer = 33.600002
dDistance = -0.11 steer = 33.0
dDistance = -0.09900001 steer = 29.700003
dDistance = -0.091000006 steer = 27.300001
dDistance = Infinity steer = -300.0
dDistance = -0.041 steer = 12.3
dDistance = -0.041 steer = 12.3
dDistance = Infinity steer = -300.0
dDistance = -0.024000004 steer = 7.2000012
dDistance = Infinity steer = -300.0
dDistance = Infinity steer = -300.0
dDistance = Infinity steer = -300.0
dDistance = -0.041 steer = 12.3
dDistance = Infinity steer = -300.0
dDistance = Infinity steer = -300.0
dDistance = -0.085 steer = 25.5
dDistance = -0.085 steer = 25.5
dDistance = -0.10000001 steer = 30.000002
dDistance = -0.101 steer = 30.300001
dDistance = -0.055 steer = 16.5
dDistance = -0.055 steer = 16.5
dDistance = -0.112 steer = 33.600002
dDistance = -0.112 steer = 33.600002
dDistance = -0.119 steer = 35.7
dDistance = -0.119 steer = 35.7
dDistance = -0.119 steer = 35.7
dDistance = -0.119 steer = 35.7
dDistance = -0.11 steer = 33.0
dDistance = -0.118 steer = 35.4
dDistance = -0.120000005 steer = 36.0
dDistance = -0.120000005 steer = 36.0
dDistance = -0.120000005 steer = 36.0
dDistance = -0.120000005 steer = 36.0
dDistance = -0.120000005 steer = 36.0
dDistance = -0.120000005 steer = 36.0
dDistance = -0.118 steer = 35.4
dDistance = -0.118 steer = 35.4
dDistance = -0.11400001 steer = 34.2
dDistance = -0.11400001 steer = 34.2
dDistance = -0.11 steer = 33.0
dDistance = -0.11 steer = 33.0
dDistance = -0.11 steer = 33.0
dDistance = -0.11 steer = 33.0
dDistance = -0.11400001 steer = 34.2
dDistance = -0.118 steer = 35.4
dDistance = -0.118 steer = 35.4
dDistance = -0.118 steer = 35.4
dDistance = -0.11400001 steer = 34.2
dDistance = -0.118 steer = 35.4
dDistance = -0.11400001 steer = 34.2
dDistance = -0.11400001 steer = 34.2
dDistance = -0.068 steer = 20.400002
dDistance = -0.11 steer = 33.0
dDistance = -0.083000004 steer = 24.900002
dDistance = -0.119 steer = 35.7
dDistance = -0.119 steer = 35.7
dDistance = -0.119 steer = 35.7
dDistance = -0.119 steer = 35.7
dDistance = -0.119 steer = 35.7
dDistance = -0.119 steer = 35.7
dDistance = -0.119 steer = 35.7
dDistance = -0.11400001 steer = 34.2
dDistance = -0.118 steer = 35.4
dDistance = -0.119 steer = 35.7
dDistance = -0.11400001 steer = 34.2
dDistance = -0.112 steer = 33.600002
dDistance = -0.10000001 steer = 30.000002
dDistance = -0.083000004 steer = 24.900002
dDistance = -0.074 steer = 22.2
dDistance = -0.074 steer = 22.2
dDistance = -0.074 steer = 22.2
dDistance = -0.073 steer = 21.9
dDistance = -0.066 steer = 19.8
dDistance = -0.055 steer = 16.5
dDistance = -0.042999998 steer = 12.9
dDistance = -0.042999998 steer = 12.9
dDistance = -0.029 steer = 8.7
dDistance = -0.029 steer = 8.7
dDistance = -0.029 steer = 8.7
dDistance = -0.029 steer = 8.7
dDistance = -0.029 steer = 8.7
dDistance = -0.029 steer = 8.7
dDistance = -0.024000004 steer = 7.2000012
dDistance = -0.027999997 steer = 8.4
dDistance = -0.029 steer = 8.7
dDistance = -0.027999997 steer = 8.4
dDistance = -0.029 steer = 8.7
dDistance = -0.024000004 steer = 7.2000012
dDistance = -0.027999997 steer = 8.4
dDistance = -0.029 steer = 8.7
dDistance = -0.029 steer = 8.7
dDistance = -0.024000004 steer = 7.2000012
dDistance = -0.024000004 steer = 7.2000012
dDistance = -0.024000004 steer = 7.2000012
dDistance = -0.022 steer = 6.6
dDistance = -0.022 steer = 6.6
dDistance = -0.024000004 steer = 7.2000012
dDistance = -0.022 steer = 6.6
dDistance = -0.019999996 steer = 5.9999986
dDistance = -0.019999996 steer = 5.9999986
dDistance = -0.012999997 steer = 3.899999
dDistance = -0.015000001 steer = 4.5
dDistance = -0.012999997 steer = 3.899999
dDistance = -0.0109999925 steer = 3.2999978
dDistance = -0.0109999925 steer = 3.2999978
dDistance = -0.0069999993 steer = 2.1
dDistance = -0.0069999993 steer = 2.1
dDistance = -0.004999995 steer = 1.4999986
dDistance = -0.004999995 steer = 1.4999986
dDistance = -0.001000002 steer = 0.3000006
dDistance = -0.001000002 steer = 0.3000006
dDistance = -0.001000002 steer = 0.3000006
dDistance = -0.001000002 steer = 0.3000006
dDistance = -0.001000002 steer = 0.3000006
dDistance = 0.008000001 steer = -2.4000003
dDistance = 0.004000008 steer = -1.2000024
dDistance = -0.001000002 steer = 0.3000006
dDistance = -0.001000002 steer = 0.3000006
dDistance = 0.004000008 steer = -1.2000024
dDistance = 0.004000008 steer = -1.2000024
dDistance = -0.001000002 steer = 0.3000006
dDistance = -0.001000002 steer = 0.3000006
dDistance = -0.001000002 steer = 0.3000006
dDistance = -0.001000002 steer = 0.3000006
dDistance = -0.001000002 steer = 0.3000006
dDistance = -0.001000002 steer = 0.3000006
dDistance = 0.004000008 steer = -1.2000024
dDistance = 0.0119999945 steer = -3.5999985
dDistance = 0.034999996 steer = -10.499999
dDistance = 0.034999996 steer = -10.499999
dDistance = 0.176 steer = -52.8
dDistance = 0.07800001 steer = -23.400003
dDistance = 0.09900001 steer = -29.700003
dDistance = 0.08500001 steer = -25.500002
dDistance = 0.083000004 steer = -24.900002
dDistance = 0.07000001 steer = -21.000002
dDistance = 0.067 steer = -20.1
dDistance = 0.069000006 steer = -20.7
dDistance = 0.059 steer = -17.7
dDistance = 0.055000007 steer = -16.500002
dDistance = 0.055000007 steer = -16.500002
dDistance = 0.055000007 steer = -16.500002
dDistance = 0.059 steer = -17.7
dDistance = 0.059 steer = -17.7
dDistance = 0.05600001 steer = -16.800003
dDistance = 0.059 steer = -17.7
dDistance = 0.06300001 steer = -18.900003
dDistance = 0.06300001 steer = -18.900003
dDistance = 0.062000006 steer = -18.600002
dDistance = 0.062000006 steer = -18.600002
dDistance = 0.055000007 steer = -16.500002
dDistance = 0.054000005 steer = -16.2
dDistance = 0.055000007 steer = -16.500002
dDistance = 0.048000008 steer = -14.4000025
dDistance = 0.053000003 steer = -15.900001
dDistance = 0.04100001 steer = -12.300003
dDistance = 0.045 steer = -13.500001
dDistance = 0.04100001 steer = -12.300003
dDistance = 0.04100001 steer = -12.300003
dDistance = 0.0069999993 steer = -2.1
dDistance = -0.0119999945 steer = 3.5999985
dDistance = -0.027999997 steer = 8.4
dDistance = -0.041 steer = 12.3
dDistance = -0.047 steer = 14.099999
dDistance = -0.056 steer = 16.800001
dDistance = -0.059 steer = 17.7
dDistance = -0.064 steer = 19.2
dDistance = -0.073 steer = 21.9
dDistance = -0.074 steer = 22.2
dDistance = -0.078 steer = 23.4
dDistance = -0.076000005 steer = 22.800001
dDistance = -0.083000004 steer = 24.900002
dDistance = -0.087000005 steer = 26.100002
dDistance = -0.091000006 steer = 27.300001
dDistance = -0.095 steer = 28.5
dDistance = -0.093 steer = 27.900002
dDistance = -0.095 steer = 28.5
dDistance = -0.09900001 steer = 29.700003
dDistance = -0.104 steer = 31.2
dDistance = -0.106000006 steer = 31.800001
dDistance = -0.112 steer = 33.600002
dDistance = -0.11400001 steer = 34.2
dDistance = -0.11400001 steer = 34.2
dDistance = -0.11400001 steer = 34.2
dDistance = -0.11400001 steer = 34.2
dDistance = -0.120000005 steer = 36.0
dDistance = -0.120000005 steer = 36.0
dDistance = -0.120000005 steer = 36.0
dDistance = -0.120000005 steer = 36.0
dDistance = -0.120000005 steer = 36.0
dDistance = -0.120000005 steer = 36.0
dDistance = -0.120000005 steer = 36.0
dDistance = -0.120000005 steer = 36.0
dDistance = -0.118 steer = 35.4
dDistance = -0.120000005 steer = 36.0
dDistance = -0.118 steer = 35.4
dDistance = -0.120000005 steer = 36.0
dDistance = -0.118 steer = 35.4
dDistance = -0.120000005 steer = 36.0
dDistance = -0.120000005 steer = 36.0
dDistance = -0.118 steer = 35.4
dDistance = -0.118 steer = 35.4
dDistance = -0.120000005 steer = 36.0
dDistance = -0.118 steer = 35.4
dDistance = -0.118 steer = 35.4
dDistance = -0.11400001 steer = 34.2
dDistance = -0.11400001 steer = 34.2
dDistance = -0.119 steer = 35.7
dDistance = -0.119 steer = 35.7
dDistance = -0.120000005 steer = 36.0
dDistance = -0.112 steer = 33.600002
dDistance = -0.11 steer = 33.0
dDistance = -0.11 steer = 33.0
dDistance = -0.11 steer = 33.0
dDistance = -0.11 steer = 33.0
dDistance = -0.106000006 steer = 31.800001
dDistance = -0.11400001 steer = 34.2
dDistance = -0.119 steer = 35.7
dDistance = -0.119 steer = 35.7
dDistance = -0.119 steer = 35.7
dDistance = -0.119 steer = 35.7
dDistance = -0.112 steer = 33.600002
dDistance = -0.11 steer = 33.0
dDistance = -0.11 steer = 33.0
dDistance = -0.11400001 steer = 34.2
dDistance = -0.119 steer = 35.7
dDistance = -0.119 steer = 35.7
dDistance = -0.112 steer = 33.600002
dDistance = -0.11 steer = 33.0
dDistance = -0.11400001 steer = 34.2
dDistance = -0.11400001 steer = 34.2
dDistance = -0.11 steer = 33.0
dDistance = -0.112 steer = 33.600002
dDistance = -0.112 steer = 33.600002
dDistance = -0.11400001 steer = 34.2
dDistance = -0.11400001 steer = 34.2
dDistance = -0.120000005 steer = 36.0
dDistance = -0.120000005 steer = 36.0
dDistance = -0.118 steer = 35.4
dDistance = -0.119 steer = 35.7
dDistance = -0.118 steer = 35.4
dDistance = -0.118 steer = 35.4
dDistance = -0.118 steer = 35.4
dDistance = -0.118 steer = 35.4
dDistance = -0.118 steer = 35.4
dDistance = -0.118 steer = 35.4
dDistance = -0.118 steer = 35.4
dDistance = -0.118 steer = 35.4
dDistance = -0.118 steer = 35.4
dDistance = -0.118 steer = 35.4
dDistance = -0.118 steer = 35.4
dDistance = -0.120000005 steer = 36.0
dDistance = -0.120000005 steer = 36.0
dDistance = -0.120000005 steer = 36.0
dDistance = -0.120000005 steer = 36.0
dDistance = -0.120000005 steer = 36.0
dDistance = -0.120000005 steer = 36.0
dDistance = -0.120000005 steer = 36.0
dDistance = -0.120000005 steer = 36.0
dDistance = -0.120000005 steer = 36.0
dDistance = -0.120000005 steer = 36.0
dDistance = -0.120000005 steer = 36.0
dDistance = -0.120000005 steer = 36.0
dDistance = -0.120000005 steer = 36.0
dDistance = -0.120000005 steer = 36.0
dDistance = -0.120000005 steer = 36.0
dDistance = -0.120000005 steer = 36.0
dDistance = -0.120000005 steer = 36.0
dDistance = -0.118 steer = 35.4
dDistance = -0.118 steer = 35.4
dDistance = -0.11400001 steer = 34.2
dDistance = -0.11 steer = 33.0
dDistance = -0.11400001 steer = 34.2
dDistance = -0.120000005 steer = 36.0
dDistance = -0.119 steer = 35.7
dDistance = -0.057000004 steer = 17.1
dDistance = -0.106000006 steer = 31.800001
dDistance = Infinity steer = -300.0
dDistance = Infinity steer = -300.0
dDistance = Infinity steer = -300.0
dDistance = Infinity steer = -300.0
dDistance = Infinity steer = -300.0
dDistance = Infinity steer = -300.0
dDistance = Infinity steer = -300.0
dDistance = Infinity steer = -300.0
dDistance = Infinity steer = -300.0
dDistance = Infinity steer = -300.0
dDistance = Infinity steer = -300.0
dDistance = Infinity steer = -300.0
dDistance = Infinity steer = -300.0
dDistance = Infinity steer = -300.0
dDistance = Infinity steer = -300.0
dDistance = Infinity steer = -300.0
dDistance = Infinity steer = -300.0
dDistance = Infinity steer = -300.0
dDistance = Infinity steer = -300.0
dDistance = Infinity steer = -300.0
dDistance = Infinity steer = -300.0
dDistance = Infinity steer = -300.0
dDistance = -0.119 steer = 35.7
dDistance = -0.112 steer = 33.600002
dDistance = -0.093 steer = 27.900002
dDistance = -0.119 steer = 35.7
dDistance = -0.106000006 steer = 31.800001
dDistance = -0.004999995 steer = 1.4999986
dDistance = -0.118 steer = 35.4
dDistance = -0.120000005 steer = 36.0
dDistance = -0.120000005 steer = 36.0
dDistance = -0.120000005 steer = 36.0
dDistance = -0.118 steer = 35.4
dDistance = -0.120000005 steer = 36.0
dDistance = -0.120000005 steer = 36.0
dDistance = -0.120000005 steer = 36.0
dDistance = -0.119 steer = 35.7
dDistance = -0.11 steer = 33.0
dDistance = -0.108 steer = 32.4
dDistance = -0.106000006 steer = 31.800001
dDistance = -0.10000001 steer = 30.000002
dDistance = -0.047 steer = 14.099999
dDistance = -0.072000004 steer = 21.6
dDistance = -0.072000004 steer = 21.6
dDistance = -0.095 steer = 28.5
dDistance = -0.09900001 steer = 29.700003
dDistance = -0.101 steer = 30.300001
dDistance = -0.101 steer = 30.300001
dDistance = -0.101 steer = 30.300001
dDistance = -0.104 steer = 31.2
dDistance = -0.10000001 steer = 30.000002
dDistance = -0.10000001 steer = 30.000002
dDistance = -0.093 steer = 27.900002
dDistance = -0.095 steer = 28.5
dDistance = -0.095 steer = 28.5
dDistance = -0.095 steer = 28.5
dDistance = -0.091000006 steer = 27.300001
dDistance = -0.09200001 steer = 27.600002
dDistance = -0.087000005 steer = 26.100002
dDistance = -0.083000004 steer = 24.900002
dDistance = -0.074 steer = 22.2
dDistance = -0.073 steer = 21.9
dDistance = -0.064 steer = 19.2
dDistance = -0.064 steer = 19.2
dDistance = -0.059 steer = 17.7
dDistance = -0.057000004 steer = 17.1
dDistance = -0.055 steer = 16.5
dDistance = -0.049000002 steer = 14.700001
dDistance = -0.056 steer = 16.800001
dDistance = -0.051 steer = 15.299999
dDistance = -0.047 steer = 14.099999
dDistance = -0.047 steer = 14.099999
dDistance = -0.042999998 steer = 12.9
dDistance = -0.038000003 steer = 11.400001
dDistance = -0.038000003 steer = 11.400001
dDistance = -0.037 steer = 11.1
dDistance = -0.031999998 steer = 9.599999
dDistance = -0.030000001 steer = 9.0
dDistance = -0.029 steer = 8.7
dDistance = -0.024000004 steer = 7.2000012
dDistance = -0.022 steer = 6.6
dDistance = -0.019999996 steer = 5.9999986
dDistance = -0.015000001 steer = 4.5
dDistance = -0.0109999925 steer = 3.2999978
dDistance = -0.0119999945 steer = 3.5999985
dDistance = -0.003000006 steer = 0.9000018
dDistance = -0.004999995 steer = 1.4999986
dDistance = -0.001000002 steer = 0.3000006
dDistance = 0.0069999993 steer = -2.1
dDistance = 0.0119999945 steer = -3.5999985
dDistance = 0.013999999 steer = -4.2
dDistance = 0.023000002 steer = -6.9000006
dDistance = 0.029 steer = -8.7
dDistance = 0.033000007 steer = -9.9000025
dDistance = 0.03400001 steer = -10.200003
dDistance = 0.039000005 steer = -11.700002
dDistance = 0.039000005 steer = -11.700002
dDistance = 0.039000005 steer = -11.700002
dDistance = 0.039000005 steer = -11.700002
dDistance = 0.04100001 steer = -12.300003
dDistance = 0.04900001 steer = -14.700003
dDistance = 0.048000008 steer = -14.4000025
dDistance = 0.048000008 steer = -14.4000025
dDistance = 0.055000007 steer = -16.500002
dDistance = 0.061000004 steer = -18.300001
dDistance = 0.069000006 steer = -20.7
dDistance = 0.069000006 steer = -20.7
dDistance = 0.07100001 steer = -21.300003
dDistance = 0.07900001 steer = -23.700003
dDistance = 0.096 steer = -28.800001
dDistance = 0.109 steer = -32.7
dDistance = 0.09300001 steer = -27.900003
dDistance = 0.10699999 steer = -32.1
dDistance = 0.122999996 steer = -36.899998
dDistance = 0.122999996 steer = -36.899998
dDistance = 0.11700001 steer = -35.100002
dDistance = 0.171 steer = -51.300003
dDistance = 0.20700002 steer = -62.100006
dDistance = 0.19 steer = -57.0
dDistance = 0.171 steer = -51.300003
dDistance = 0.171 steer = -51.300003
dDistance = 0.171 steer = -51.300003
dDistance = 0.171 steer = -51.300003
dDistance = 0.176 steer = -52.8
dDistance = 0.176 steer = -52.8
dDistance = 0.176 steer = -52.8
dDistance = 0.176 steer = -52.8
dDistance = 0.176 steer = -52.8
dDistance = 0.176 steer = -52.8
dDistance = 0.171 steer = -51.300003
dDistance = 0.171 steer = -51.300003
dDistance = 0.176 steer = -52.8
dDistance = 0.171 steer = -51.300003
dDistance = 0.171 steer = -51.300003
dDistance = 0.176 steer = -52.8
dDistance = 0.176 steer = -52.8
dDistance = 0.176 steer = -52.8
dDistance = 0.176 steer = -52.8
dDistance = 0.176 steer = -52.8
dDistance = 0.176 steer = -52.8
dDistance = 0.171 steer = -51.300003
dDistance = 0.171 steer = -51.300003
dDistance = 0.171 steer = -51.300003
dDistance = 0.171 steer = -51.300003
dDistance = 0.176 steer = -52.8
dDistance = 0.176 steer = -52.8
dDistance = 0.176 steer = -52.8
dDistance = 0.176 steer = -52.8
dDistance = 0.176 steer = -52.8
dDistance = 0.176 steer = -52.8
dDistance = 0.176 steer = -52.8
dDistance = 0.176 steer = -52.8
dDistance = 0.176 steer = -52.8
dDistance = 0.176 steer = -52.8
dDistance = 0.171 steer = -51.300003
dDistance = 0.171 steer = -51.300003
dDistance = 0.171 steer = -51.300003
dDistance = 0.176 steer = -52.8
dDistance = 0.176 steer = -52.8
dDistance = 0.176 steer = -52.8
dDistance = 0.176 steer = -52.8
dDistance = 0.176 steer = -52.8
dDistance = 0.176 steer = -52.8
dDistance = 0.176 steer = -52.8
dDistance = 0.171 steer = -51.300003
dDistance = 0.171 steer = -51.300003
dDistance = 0.171 steer = -51.300003
dDistance = 0.171 steer = -51.300003
dDistance = 0.171 steer = -51.300003
dDistance = 0.176 steer = -52.8
dDistance = 0.176 steer = -52.8
dDistance = 0.176 steer = -52.8
dDistance = 0.176 steer = -52.8
dDistance = 0.176 steer = -52.8
dDistance = 0.176 steer = -52.8
dDistance = 0.171 steer = -51.300003
dDistance = 0.171 steer = -51.300003
dDistance = 0.171 steer = -51.300003
dDistance = 0.171 steer = -51.300003
dDistance = 0.171 steer = -51.300003
dDistance = 0.171 steer = -51.300003
dDistance = 0.176 steer = -52.8
dDistance = 0.176 steer = -52.8
dDistance = 0.176 steer = -52.8
dDistance = 0.176 steer = -52.8
dDistance = 0.176 steer = -52.8
dDistance = 0.171 steer = -51.300003
dDistance = 0.176 steer = -52.8
dDistance = 0.171 steer = -51.300003
dDistance = 0.171 steer = -51.300003
dDistance = 0.171 steer = -51.300003
dDistance = 0.171 steer = -51.300003
dDistance = 0.176 steer = -52.8
dDistance = 0.176 steer = -52.8
dDistance = 0.176 steer = -52.8
dDistance = 0.176 steer = -52.8
dDistance = 0.176 steer = -52.8
dDistance = 0.176 steer = -52.8
dDistance = 0.176 steer = -52.8
dDistance = 0.176 steer = -52.8
dDistance = 0.171 steer = -51.300003
dDistance = 0.171 steer = -51.300003
dDistance = 0.171 steer = -51.300003
dDistance = 0.176 steer = -52.8
dDistance = 0.176 steer = -52.8
dDistance = 0.176 steer = -52.8
dDistance = 0.176 steer = -52.8
dDistance = 0.176 steer = -52.8
dDistance = 0.176 steer = -52.8
dDistance = 0.176 steer = -52.8
dDistance = 0.176 steer = -52.8
dDistance = 0.171 steer = -51.300003
dDistance = 0.171 steer = -51.300003
dDistance = 0.171 steer = -51.300003
dDistance = 0.171 steer = -51.300003
dDistance = 0.176 steer = -52.8
dDistance = 0.176 steer = -52.8
dDistance = 0.176 steer = -52.8
dDistance = 0.174 steer = -52.199997
dDistance = 0.176 steer = -52.8
dDistance = 0.176 steer = -52.8
dDistance = 0.176 steer = -52.8
dDistance = 0.176 steer = -52.8
dDistance = 0.171 steer = -51.300003
dDistance = 0.171 steer = -51.300003
dDistance = 0.171 steer = -51.300003
dDistance = 0.171 steer = -51.300003
dDistance = 0.171 steer = -51.300003
dDistance = 0.176 steer = -52.8
dDistance = 0.176 steer = -52.8
dDistance = 0.176 steer = -52.8
dDistance = 0.176 steer = -52.8
dDistance = 0.176 steer = -52.8
dDistance = 0.176 steer = -52.8
dDistance = 0.171 steer = -51.300003
dDistance = 0.176 steer = -52.8
dDistance = 0.171 steer = -51.300003
dDistance = 0.171 steer = -51.300003
dDistance = 0.176 steer = -52.8
dDistance = 0.176 steer = -52.8
dDistance = 0.176 steer = -52.8
dDistance = 0.176 steer = -52.8
dDistance = 0.176 steer = -52.8
dDistance = 0.176 steer = -52.8
dDistance = 0.176 steer = -52.8
dDistance = 0.171 steer = -51.300003
dDistance = 0.171 steer = -51.300003
dDistance = 0.176 steer = -52.8
dDistance = 0.171 steer = -51.300003
dDistance = 0.171 steer = -51.300003
dDistance = 0.171 steer = -51.300003
dDistance = 0.176 steer = -52.8
dDistance = 0.176 steer = -52.8
dDistance = 0.176 steer = -52.8
dDistance = 0.176 steer = -52.8
dDistance = 0.176 steer = -52.8
dDistance = 0.176 steer = -52.8
